[2026-06-05T23:58:43.702Z] Connection update: connecting
[2026-06-05T23:58:44.302Z] Connection update: undefined
[2026-06-05T23:58:44.303Z] QR Code received
[2026-06-05T23:59:14.614Z] Connection update: undefined
[2026-06-05T23:59:15.006Z] Connection update: close
[2026-06-05T23:59:15.006Z] Connection closed. Status: 515, Reason: Stream Errored (restart required)
[2026-06-05T23:59:15.006Z] Reconnection attempt 1/10 in 1000ms
[2026-06-05T23:59:16.016Z] Connection update: connecting
[2026-06-05T23:59:18.516Z] Connection update: undefined
[2026-06-05T23:59:18.691Z] Connection update: open
[2026-06-05T23:59:18.691Z] Connection opened successfully
[2026-06-06T00:08:32.590Z] Iniciando limpieza de recursos...
[2026-06-07T19:44:25.612Z] Connection update: connecting
[2026-06-07T19:44:27.752Z] Connection update: close
[2026-06-07T19:44:27.753Z] Connection closed. Status: 401, Reason: Connection Failure
[2026-06-07T19:44:27.753Z] Logged out, clearing session and restarting...
[2026-06-07T19:44:28.056Z] Reconnection attempt 1/10 in 1000ms
[2026-06-07T19:44:29.169Z] Connection update: connecting
[2026-06-07T19:44:29.823Z] Connection update: undefined
[2026-06-07T19:44:29.824Z] QR Code received
[2026-06-07T19:45:09.964Z] Connection update: undefined
[2026-06-07T19:45:09.964Z] QR Code received
[2026-06-07T19:45:50.002Z] Connection update: undefined
[2026-06-07T19:45:50.003Z] QR Code received
[2026-06-07T19:46:30.068Z] Connection update: undefined
[2026-06-07T19:46:30.069Z] QR Code received
[2026-06-07T19:47:10.111Z] Connection update: undefined
[2026-06-07T19:47:10.111Z] QR Code received
[2026-06-07T19:47:50.133Z] Connection update: undefined
[2026-06-07T19:47:50.134Z] QR Code received
[2026-06-07T19:47:59.823Z] Connection update: close
[2026-06-07T19:47:59.823Z] Connection closed. Status: 428, Reason: Connection Terminated by Server
[2026-06-07T19:47:59.824Z] Reconnection attempt 2/10 in 2000ms
[2026-06-07T19:48:01.855Z] Connection update: connecting
[2026-06-07T19:48:02.529Z] Connection update: undefined
[2026-06-07T19:48:02.529Z] QR Code received
[2026-06-07T19:48:42.564Z] Connection update: undefined
[2026-06-07T19:48:42.565Z] QR Code received
[2026-06-07T19:49:22.593Z] Connection update: undefined
[2026-06-07T19:49:22.594Z] QR Code received
[2026-06-07T19:50:02.621Z] Connection update: undefined
[2026-06-07T19:50:02.621Z] QR Code received
[2026-06-07T19:50:42.640Z] Connection update: undefined
[2026-06-07T19:50:42.641Z] QR Code received
[2026-06-07T19:51:22.672Z] Connection update: undefined
[2026-06-07T19:51:22.673Z] QR Code received
[2026-06-07T19:51:32.530Z] Connection update: close
[2026-06-07T19:51:32.530Z] Connection closed. Status: 428, Reason: Connection Terminated by Server
[2026-06-07T19:51:32.531Z] Reconnection attempt 3/10 in 4000ms
[2026-06-07T19:51:36.574Z] Connection update: connecting
[2026-06-07T19:51:37.289Z] Connection update: undefined
[2026-06-07T19:51:37.289Z] QR Code received
[2026-06-07T19:52:17.319Z] Connection update: undefined
[2026-06-07T19:52:17.320Z] QR Code received
[2026-06-07T19:52:57.346Z] Connection update: undefined
[2026-06-07T19:52:57.346Z] QR Code received
[2026-06-07T19:53:37.378Z] Connection update: undefined
[2026-06-07T19:53:37.378Z] QR Code received
[2026-06-07T19:54:17.414Z] Connection update: undefined
[2026-06-07T19:54:17.414Z] QR Code received
[2026-06-07T19:54:57.444Z] Connection update: undefined
[2026-06-07T19:54:57.444Z] QR Code received
[2026-06-07T19:55:07.292Z] Connection update: close
[2026-06-07T19:55:07.292Z] Connection closed. Status: 428, Reason: Connection Terminated by Server
[2026-06-07T19:55:07.292Z] Reconnection attempt 4/10 in 8000ms
[2026-06-07T19:55:15.331Z] Connection update: connecting
[2026-06-07T19:55:15.999Z] Connection update: undefined
[2026-06-07T19:55:15.999Z] QR Code received
[2026-06-07T19:55:56.015Z] Connection update: undefined
[2026-06-07T19:55:56.015Z] QR Code received
[2026-06-07T19:56:36.036Z] Connection update: undefined
[2026-06-07T19:56:36.036Z] QR Code received
[2026-06-07T19:57:16.063Z] Connection update: undefined
[2026-06-07T19:57:16.063Z] QR Code received
[2026-06-07T19:57:56.099Z] Connection update: undefined
[2026-06-07T19:57:56.100Z] QR Code received
[2026-06-07T19:58:36.132Z] Connection update: undefined
[2026-06-07T19:58:36.133Z] QR Code received
[2026-06-07T19:58:46.003Z] Connection update: close
[2026-06-07T19:58:46.003Z] Connection closed. Status: 428, Reason: Connection Terminated by Server
[2026-06-07T19:58:46.003Z] Reconnection attempt 5/10 in 16000ms
[2026-06-07T19:59:02.053Z] Connection update: connecting
[2026-06-07T19:59:03.090Z] Connection update: undefined
[2026-06-07T19:59:03.090Z] QR Code received
[2026-06-07T19:59:43.115Z] Connection update: undefined
[2026-06-07T19:59:43.115Z] QR Code received
[2026-06-07T20:00:23.139Z] Connection update: undefined
[2026-06-07T20:00:23.139Z] QR Code received
[2026-06-07T20:01:03.165Z] Connection update: undefined
[2026-06-07T20:01:03.165Z] QR Code received
[2026-06-07T20:01:43.196Z] Connection update: undefined
[2026-06-07T20:01:43.196Z] QR Code received
[2026-06-07T20:02:23.229Z] Connection update: undefined
[2026-06-07T20:02:23.229Z] QR Code received
[2026-06-07T20:02:33.092Z] Connection update: close
[2026-06-07T20:02:33.092Z] Connection closed. Status: 428, Reason: Connection Terminated by Server
[2026-06-07T20:02:33.093Z] Reconnection attempt 6/10 in 30000ms
[2026-06-07T20:03:03.134Z] Connection update: connecting
[2026-06-07T20:03:03.753Z] Connection update: undefined
[2026-06-07T20:03:03.753Z] QR Code received
[2026-06-07T20:03:43.780Z] Connection update: undefined
[2026-06-07T20:03:43.781Z] QR Code received
[2026-06-07T20:04:06.224Z] Iniciando limpieza de recursos...
[2026-06-07T20:33:02.945Z] Connection update: connecting
[2026-06-07T20:33:03.557Z] Connection update: undefined
[2026-06-07T20:33:03.557Z] QR Code received
[2026-06-07T20:33:43.668Z] Connection update: undefined
[2026-06-07T20:33:43.668Z] QR Code received
[2026-06-07T20:34:09.582Z] Connection update: undefined
[2026-06-07T20:34:09.989Z] Connection update: close
[2026-06-07T20:34:09.990Z] Connection closed. Status: 515, Reason: Stream Errored (restart required)
[2026-06-07T20:34:09.990Z] Reconnection attempt 1/10 in 1000ms
[2026-06-07T20:34:11.017Z] Connection update: connecting
[2026-06-07T20:34:13.889Z] Connection update: undefined
[2026-06-07T20:34:14.056Z] Connection update: open
[2026-06-07T20:34:14.056Z] Connection opened successfully
[2026-06-07T20:35:13.749Z] Iniciando limpieza de recursos...
